
============================================================
[EVALUATOR] coefficient pattern regression
[CHECK] EvalRestrictedDegree8 across sparse/dense coefficient patterns
[PASS] eager/lazy err < 1.000000e-08 and lazy relin/rescale <= eager

case                         mode                    plan                                                                          eager_err     lazy_err      tensor      relin       rescale     pass
---------------------------------------------------------------------------------------------------------------------------------------------------------------------------------------------------------
only_c0                      FIXEDMANUAL             compact-active tail=1 c0=yes c1=no c5=no                                      6.486478e-14  5.540013e-14  0/0         0/0         0/0         yes
only_c0                      COMPOSITESCALINGMANUAL  compact-active tail=1 c0=yes c1=no c5=no                                      8.623657e-14  3.741452e-14  0/0         0/0         0/0         yes
only_c1                      FIXEDMANUAL             compact-active linear:One=1 tail=0 c0=no c1=no c5=no                          6.054462e-13  8.247292e-13  0/0         0/0         0/0         yes
only_c1                      COMPOSITESCALINGMANUAL  compact-active linear:One=1 tail=0 c0=no c1=no c5=no                          5.397280e-13  3.689202e-13  0/0         0/0         0/0         yes
constant_linear              FIXEDMANUAL             compact-active linear:One=1 tail=1 c0=yes c1=no c5=no                         7.124301e-13  3.731460e-13  0/0         0/0         0/0         yes
constant_linear              COMPOSITESCALINGMANUAL  compact-active linear:One=1 tail=1 c0=yes c1=no c5=no                         3.814171e-13  3.086975e-13  0/0         0/0         0/0         yes
only_c5                      FIXEDMANUAL             compact-active tail=1 c0=no c1=no c5=yes                                      5.904535e-13  6.004403e-13  3/3         3/3         3/3         yes
only_c5                      COMPOSITESCALINGMANUAL  compact-active tail=1 c0=no c1=no c5=yes                                      6.690578e-14  4.328128e-14  3/3         3/3         3/3         yes
linear_plus_c5               FIXEDMANUAL             compact-active tail=2 c0=no c1=yes c5=yes                                     4.216488e-13  4.520117e-13  3/3         3/3         3/3         yes
linear_plus_c5               COMPOSITESCALINGMANUAL  compact-active tail=2 c0=no c1=yes c5=yes                                     2.420703e-13  3.177320e-13  3/3         3/3         3/3         yes
linear_block0_plus_c5        FIXEDMANUAL             compact-active block0:One=1 tail=2 c0=no c1=yes c5=yes                        2.056383e-12  2.152944e-12  4/4         4/4         4/4         yes
linear_block0_plus_c5        COMPOSITESCALINGMANUAL  compact-active block0:One=1 tail=2 c0=no c1=yes c5=yes                        6.904477e-13  7.581998e-12  4/4         4/4         4/4         yes
constant_linear_block0_c5    FIXEDMANUAL             compact-active block0:One=1 tail=3 c0=yes c1=yes c5=yes                       1.392886e-12  1.344092e-12  4/4         4/4         4/4         yes
constant_linear_block0_c5    COMPOSITESCALINGMANUAL  compact-active block0:One=1 tail=3 c0=yes c1=yes c5=yes                       4.732881e-13  4.589940e-12  4/4         4/4         4/4         yes
linear_block1_plus_c5        FIXEDMANUAL             compact-active block1:Z=1 tail=2 c0=no c1=yes c5=yes                          1.166886e-12  1.331449e-12  5/5         5/5         5/5         yes
linear_block1_plus_c5        COMPOSITESCALINGMANUAL  compact-active block1:Z=1 tail=2 c0=no c1=yes c5=yes                          8.607559e-13  5.411331e-13  5/5         5/5         5/5         yes
linear_plus_c2               FIXEDMANUAL             compact-active linear:One=1 block0:One=1 tail=0 c0=no c1=no c5=no             2.193162e-12  1.963957e-12  2/2         2/2         2/2         yes
linear_plus_c2               COMPOSITESCALINGMANUAL  compact-active linear:One=1 block0:One=1 tail=0 c0=no c1=no c5=no             1.352845e-12  5.555875e-12  2/2         2/2         2/2         yes
constant_linear_plus_c4      FIXEDMANUAL             compact-active linear:One=1 block0:One=1 tail=1 c0=yes c1=no c5=no            1.870615e-12  2.538247e-12  2/2         2/2         2/2         yes
constant_linear_plus_c4      COMPOSITESCALINGMANUAL  compact-active linear:One=1 block0:One=1 tail=1 c0=yes c1=no c5=no            1.109501e-12  3.951200e-12  2/2         2/2         2/2         yes
block0_only                  FIXEDMANUAL             compact-active block0:One=3 tail=0 c0=no c1=no c5=no                          6.309703e-12  6.220108e-12  5/5         5/2         5/2         yes
block0_only                  COMPOSITESCALINGMANUAL  compact-active block0:One=3 tail=0 c0=no c1=no c5=no                          1.801143e-12  1.010756e-11  5/5         5/2         5/2         yes
linear_plus_c6               FIXEDMANUAL             compact-active linear:One=1 block1:Z=1 tail=0 c0=no c1=no c5=no               6.209200e-13  5.850598e-13  4/4         4/4         4/4         yes
linear_plus_c6               COMPOSITESCALINGMANUAL  compact-active linear:One=1 block1:Z=1 tail=0 c0=no c1=no c5=no               3.014117e-13  4.046347e-13  4/4         4/4         4/4         yes
block1_only                  FIXEDMANUAL             compact-active block1:Z=3 tail=0 c0=no c1=no c5=no                            7.294000e-13  7.174131e-13  7/7         7/4         7/4         yes
block1_only                  COMPOSITESCALINGMANUAL  compact-active block1:Z=3 tail=0 c0=no c1=no c5=no                            4.984207e-14  6.284860e-14  7/7         7/4         7/4         yes
linear_block0_block1         FIXEDMANUAL             two-block-z4 linear:One=1 block0:One=1 block1:Z=1 tail=0 c0=no c1=no c5=no    2.112643e-12  2.361639e-12  5/5         5/5         5/5         yes
linear_block0_block1         COMPOSITESCALINGMANUAL  two-block-z4 linear:One=1 block0:One=1 block1:Z=1 tail=0 c0=no c1=no c5=no    2.174871e-12  4.923451e-12  5/5         5/5         5/5         yes
constant_linear_blocks_c5    FIXEDMANUAL             two-block-z4 block0:One=1 block1:Z=1 tail=3 c0=yes c1=yes c5=yes              3.451461e-12  2.916889e-12  6/6         6/6         6/6         yes
constant_linear_blocks_c5    COMPOSITESCALINGMANUAL  two-block-z4 block0:One=1 block1:Z=1 tail=3 c0=yes c1=yes c5=yes              6.251666e-13  4.306749e-12  6/6         6/6         6/6         yes
sparse_tail_block_mix        FIXEDMANUAL             two-block-z4 block0:One=1 block1:Z=1 tail=2 c0=no c1=yes c5=yes               2.897599e-12  2.941897e-12  6/6         6/6         6/6         yes
sparse_tail_block_mix        COMPOSITESCALINGMANUAL  two-block-z4 block0:One=1 block1:Z=1 tail=2 c0=no c1=yes c5=yes               8.182621e-13  4.811387e-12  6/6         6/6         6/6         yes
constant_x4_x7               FIXEDMANUAL             two-block-z4 block0:One=1 block1:Z=1 tail=1 c0=yes c1=no c5=no                1.541489e-12  1.575684e-12  6/6         6/5         6/5         yes
constant_x4_x7               COMPOSITESCALINGMANUAL  two-block-z4 block0:One=1 block1:Z=1 tail=1 c0=yes c1=no c5=no                9.614531e-14  2.231937e-12  6/6         6/5         6/5         yes
dense_degree8                FIXEDMANUAL             two-block-z4 block0:One=3 block1:Z=3 tail=3 c0=yes c1=yes c5=yes              4.848566e-12  5.088596e-12  12/12       12/6        12/6        yes
dense_degree8                COMPOSITESCALINGMANUAL  two-block-z4 block0:One=3 block1:Z=3 tail=3 c0=yes c1=yes c5=yes              1.740053e-12  1.153633e-11  12/12       12/6        12/6        yes

summary:
  cases             = 36
  all pass          = yes
