
============================================================
[EVALUATOR] coefficient pattern regression
[CHECK] EvalRestrictedDegree8 across sparse/dense coefficient patterns
[PASS] eager/lazy err < 1.000000e-08 and lazy relin/rescale <= eager

case                         mode                    plan                                                                          eager_err     lazy_err      tensor      relin       rescale     pass
---------------------------------------------------------------------------------------------------------------------------------------------------------------------------------------------------------
only_c0                      FIXEDMANUAL             compact-active tail=1 c0=yes c1=no c5=no                                      6.566969e-14  3.996803e-14  0/0         0/0         0/0         yes
only_c0                      COMPOSITESCALINGMANUAL  compact-active tail=1 c0=yes c1=no c5=no                                      4.232725e-14  2.770006e-14  0/0         0/0         0/0         yes
only_c1                      FIXEDMANUAL             compact-active linear:One=1 tail=0 c0=no c1=no c5=no                          5.059633e-13  3.568951e-13  0/0         0/0         0/0         yes
only_c1                      COMPOSITESCALINGMANUAL  compact-active linear:One=1 tail=0 c0=no c1=no c5=no                          1.655828e-13  2.262010e-13  0/0         0/0         0/0         yes
constant_linear              FIXEDMANUAL             compact-active linear:One=1 tail=1 c0=yes c1=no c5=no                         3.806955e-13  4.401202e-13  0/0         0/0         0/0         yes
constant_linear              COMPOSITESCALINGMANUAL  compact-active linear:One=1 tail=1 c0=yes c1=no c5=no                         3.956835e-13  4.513889e-13  0/0         0/0         0/0         yes
only_c5                      FIXEDMANUAL             compact-active tail=1 c0=no c1=no c5=yes                                      6.694597e-13  6.545502e-13  3/3         3/3         3/3         yes
only_c5                      COMPOSITESCALINGMANUAL  compact-active tail=1 c0=no c1=no c5=yes                                      5.934055e-14  6.994806e-14  3/3         3/3         3/3         yes
linear_plus_c5               FIXEDMANUAL             compact-active tail=2 c0=no c1=yes c5=yes                                     5.066225e-13  8.590767e-13  3/3         3/3         3/3         yes
linear_plus_c5               COMPOSITESCALINGMANUAL  compact-active tail=2 c0=no c1=yes c5=yes                                     3.090167e-13  2.231167e-13  3/3         3/3         3/3         yes
linear_block0_plus_c5        FIXEDMANUAL             compact-active block0:One=1 tail=2 c0=no c1=yes c5=yes                        2.910061e-12  2.694456e-12  4/4         4/4         4/4         yes
linear_block0_plus_c5        COMPOSITESCALINGMANUAL  compact-active block0:One=1 tail=2 c0=no c1=yes c5=yes                        8.488731e-13  3.336789e-12  4/4         4/4         4/4         yes
constant_linear_block0_c5    FIXEDMANUAL             compact-active block0:One=1 tail=3 c0=yes c1=yes c5=yes                       1.668554e-12  1.776024e-12  4/4         4/4         4/4         yes
constant_linear_block0_c5    COMPOSITESCALINGMANUAL  compact-active block0:One=1 tail=3 c0=yes c1=yes c5=yes                       4.194978e-13  5.034584e-12  4/4         4/4         4/4         yes
linear_block1_plus_c5        FIXEDMANUAL             compact-active block1:Z=1 tail=2 c0=no c1=yes c5=yes                          7.930878e-13  1.084563e-12  5/5         5/5         5/5         yes
linear_block1_plus_c5        COMPOSITESCALINGMANUAL  compact-active block1:Z=1 tail=2 c0=no c1=yes c5=yes                          3.958153e-13  3.905903e-13  5/5         5/5         5/5         yes
linear_plus_c2               FIXEDMANUAL             compact-active linear:One=1 block0:One=1 tail=0 c0=no c1=no c5=no             1.875555e-12  2.052386e-12  2/2         2/2         2/2         yes
linear_plus_c2               COMPOSITESCALINGMANUAL  compact-active linear:One=1 block0:One=1 tail=0 c0=no c1=no c5=no             1.322664e-12  5.348666e-12  2/2         2/2         2/2         yes
constant_linear_plus_c4      FIXEDMANUAL             compact-active linear:One=1 block0:One=1 tail=1 c0=yes c1=no c5=no            2.340683e-12  2.438716e-12  2/2         2/2         2/2         yes
constant_linear_plus_c4      COMPOSITESCALINGMANUAL  compact-active linear:One=1 block0:One=1 tail=1 c0=yes c1=no c5=no            3.823053e-13  3.298223e-12  2/2         2/2         2/2         yes
block0_only                  FIXEDMANUAL             compact-active block0:One=3 tail=0 c0=no c1=no c5=no                          5.848488e-12  6.166762e-12  5/5         5/2         5/2         yes
block0_only                  COMPOSITESCALINGMANUAL  compact-active block0:One=3 tail=0 c0=no c1=no c5=no                          1.121575e-12  1.167192e-11  5/5         5/2         5/2         yes
linear_plus_c6               FIXEDMANUAL             compact-active linear:One=1 block1:Z=1 tail=0 c0=no c1=no c5=no               3.489153e-13  5.136169e-13  4/4         4/4         4/4         yes
linear_plus_c6               COMPOSITESCALINGMANUAL  compact-active linear:One=1 block1:Z=1 tail=0 c0=no c1=no c5=no               2.449534e-13  3.943512e-13  4/4         4/4         4/4         yes
block1_only                  FIXEDMANUAL             compact-active block1:Z=3 tail=0 c0=no c1=no c5=no                            7.136795e-13  6.942650e-13  7/7         7/4         7/4         yes
block1_only                  COMPOSITESCALINGMANUAL  compact-active block1:Z=3 tail=0 c0=no c1=no c5=no                            3.705966e-14  1.079041e-13  7/7         7/4         7/4         yes
linear_block0_block1         FIXEDMANUAL             two-block-z4 linear:One=1 block0:One=1 block1:Z=1 tail=0 c0=no c1=no c5=no    1.829176e-12  2.797040e-12  5/5         5/5         5/5         yes
linear_block0_block1         COMPOSITESCALINGMANUAL  two-block-z4 linear:One=1 block0:One=1 block1:Z=1 tail=0 c0=no c1=no c5=no    8.938961e-13  5.564604e-12  5/5         5/5         5/5         yes
constant_linear_blocks_c5    FIXEDMANUAL             two-block-z4 block0:One=1 block1:Z=1 tail=3 c0=yes c1=yes c5=yes              3.195832e-12  2.613743e-12  6/6         6/6         6/6         yes
constant_linear_blocks_c5    COMPOSITESCALINGMANUAL  two-block-z4 block0:One=1 block1:Z=1 tail=3 c0=yes c1=yes c5=yes              8.958945e-13  3.883338e-12  6/6         6/6         6/6         yes
sparse_tail_block_mix        FIXEDMANUAL             two-block-z4 block0:One=1 block1:Z=1 tail=2 c0=no c1=yes c5=yes               2.192801e-12  1.830258e-12  6/6         6/6         6/6         yes
sparse_tail_block_mix        COMPOSITESCALINGMANUAL  two-block-z4 block0:One=1 block1:Z=1 tail=2 c0=no c1=yes c5=yes               8.402792e-13  4.356893e-12  6/6         6/6         6/6         yes
constant_x4_x7               FIXEDMANUAL             two-block-z4 block0:One=1 block1:Z=1 tail=1 c0=yes c1=no c5=no                1.703304e-12  1.630140e-12  6/6         6/5         6/5         yes
constant_x4_x7               COMPOSITESCALINGMANUAL  two-block-z4 block0:One=1 block1:Z=1 tail=1 c0=yes c1=no c5=no                7.499557e-14  3.251066e-12  6/6         6/5         6/5         yes
dense_degree8                FIXEDMANUAL             two-block-z4 block0:One=3 block1:Z=3 tail=3 c0=yes c1=yes c5=yes              4.983236e-12  6.164069e-12  12/12       12/6        12/6        yes
dense_degree8                COMPOSITESCALINGMANUAL  two-block-z4 block0:One=3 block1:Z=3 tail=3 c0=yes c1=yes c5=yes              2.173928e-12  1.351808e-11  12/12       12/6        12/6        yes

summary:
  cases             = 36
  all pass          = yes
