[KNOWN_INTERNAL_PLANS] 2

[INTERNAL_PLAN] tiny_internal_bsgs_t2_b4
[PLAINTEXT] direct-vs-internal max_abs_err = 2.168404e-19

============================================================
[EVALUATOR] fixed tiny internal-BSGS prototype
[PROJECT DECISION] t=2, B=4, explicit bar(S1)/hat(S1), conservative outer assembly
[PLAN] tiny_internal_bsgs_t2_b4
[SETS] bar(S1)={x,x^2,x^3}, hat(S1)={x^4,x^8,x^12}, S2={x^16}
[POLY] P(x)=inner0(x)+inner1(x)*x^16
[MODE] FIXEDMANUAL
ringDim = 4096
input | level = 0, noiseScaleDeg = 1

strategy         step                                                level     noiseScaleDeg   ctElems     time_sec        max_abs_err
-------------------------------------------------------------------------------------------------------------------------------------------
internal-eager   bar(S1) component x                                 0         1               2           0.000000e+00    1.403350e-12
internal-eager   build x^2 raw product                               0         2               3           6.394107e-03    1.241278e-12
internal-eager   build x^2 materialized                              1         1               2           7.889465e-02    1.534115e-11
internal-eager   build x^3 raw product                               1         2               3           5.296138e-03    6.366158e-12
internal-eager   build x^3 materialized                              2         1               2           9.572513e-02    5.363945e-12
internal-eager   build hat x^4 raw product                           1         2               3           8.077671e-03    5.052379e-12
internal-eager   build hat x^4 materialized                          2         1               2           1.092199e-01    4.559308e-12
internal-eager   build hat x^8 raw product                           2         2               3           2.588116e-03    2.259095e-13
internal-eager   build hat x^8 materialized                          3         1               2           7.325766e-02    1.976224e-13
internal-eager   build hat x^12 raw product                          3         2               3           4.502155e-03    6.588944e-14
internal-eager   build hat x^12 materialized                         4         1               2           5.319938e-02    1.324871e-13
internal-eager   build S2 x^16 raw product                           3         2               3           2.557185e-03    6.040637e-14
internal-eager   build S2 x^16 materialized                          4         1               2           5.911933e-02    9.454974e-14
internal-eager   outer0 low coeff*x^1 for high x^4                   0         2               2           0.000000e+00    2.770700e-13
internal-eager   outer0 low coeff*x^2 for high x^4                   1         2               2           0.000000e+00    7.919620e-13
internal-eager   outer0 low linear group for high x^4                1         2               2           1.218126e-03    7.770937e-13
internal-eager   outer0 innerBSGS low(x)*x^4 raw product             2         4               3           2.090163e-03    1.149471e-13
internal-eager   outer0 innerBSGS low(x)*x^4 materialized            3         3               2           5.405303e-02    3.079329e-13
internal-eager   outer0 low coeff*x^2 for high x^8                   1         2               2           0.000000e+00    2.821642e-12
internal-eager   outer0 low coeff*x^3 for high x^8                   2         2               2           0.000000e+00    2.730077e-13
internal-eager   outer0 low linear group for high x^8                2         2               2           1.874024e-03    3.065513e-12
internal-eager   outer0 innerBSGS low(x)*x^8 raw product             3         4               3           1.892026e-03    3.762403e-14
internal-eager   outer0 innerBSGS low(x)*x^8 materialized            4         3               2           7.914080e-02    3.017788e-14
internal-eager   outer0 low coeff*x^3 for high x^12                  2         2               2           0.000000e+00    4.869542e-13
internal-eager   outer0 low linear group for high x^12               2         2               2           3.730000e-07    4.981319e-13
internal-eager   outer0 innerBSGS low(x)*x^12 raw product            4         4               3           1.773471e-03    2.876765e-14
internal-eager   outer0 innerBSGS low(x)*x^12 materialized           5         3               2           3.146160e-02    4.118800e-14
internal-eager   outer0 internal BSGS block sum                      5         3               2           1.149857e-03    2.906776e-13
internal-eager   outer1 low coeff*x^2 for high x^4                   1         2               2           0.000000e+00    1.152753e-12
internal-eager   outer1 low coeff*x^3 for high x^4                   2         2               2           0.000000e+00    1.451009e-13
internal-eager   outer1 low linear group for high x^4                2         2               2           1.068703e-03    1.240620e-12
internal-eager   outer1 innerBSGS low(x)*x^4 raw product             2         4               3           6.580609e-03    9.391256e-14
internal-eager   outer1 innerBSGS low(x)*x^4 materialized            3         3               2           2.021909e-01    1.315466e-13
internal-eager   outer1 low coeff*x^1 for high x^8                   0         2               2           0.000000e+00    2.411162e-13
internal-eager   outer1 low linear group for high x^8                0         2               2           3.500000e-07    3.959819e-13
internal-eager   outer1 innerBSGS low(x)*x^8 raw product             3         4               3           3.226856e-03    3.734450e-14
internal-eager   outer1 innerBSGS low(x)*x^8 materialized            4         3               2           4.220418e-02    1.147366e-13
internal-eager   outer1 low coeff*x^3 for high x^12                  2         2               2           0.000000e+00    2.719847e-13
internal-eager   outer1 low linear group for high x^12               2         2               2           1.740000e-07    2.625409e-13
internal-eager   outer1 innerBSGS low(x)*x^12 raw product            4         4               3           1.754736e-03    8.116295e-14
internal-eager   outer1 innerBSGS low(x)*x^12 materialized           5         3               2           7.076411e-02    5.548732e-14
internal-eager   outer1 internal BSGS block sum                      5         3               2           1.643983e-03    1.311997e-13
internal-eager   outer block1*x^16 raw product                       5         6               3           2.726433e-03    3.356079e-14
internal-eager   outer block1*x^16 materialized                      6         5               2           1.041808e-01    8.384168e-14
internal-eager   outer0 + outer1*x^16                                6         5               2           2.852080e-04    2.734857e-13
inner-lazy       bar(S1) component x                                 0         1               2           0.000000e+00    3.676087e-12
inner-lazy       build x^2 raw product                               0         2               3           4.007266e-03    9.197088e-13
inner-lazy       build x^2 materialized                              1         1               2           9.728537e-02    1.549980e-11
inner-lazy       build x^3 raw product                               1         2               3           3.072566e-03    6.969286e-12
inner-lazy       build x^3 materialized                              2         1               2           9.705607e-02    5.520126e-12
inner-lazy       build hat x^4 raw product                           1         2               3           3.090124e-03    5.069747e-12
inner-lazy       build hat x^4 materialized                          2         1               2           3.430137e-02    4.568537e-12
inner-lazy       build hat x^8 raw product                           2         2               3           9.621268e-03    2.400338e-13
inner-lazy       build hat x^8 materialized                          3         1               2           5.248963e-02    3.707923e-13
inner-lazy       build hat x^12 raw product                          3         2               3           3.308333e-03    7.794680e-14
inner-lazy       build hat x^12 materialized                         4         1               2           9.580854e-02    1.247476e-13
inner-lazy       build S2 x^16 raw product                           3         2               3           5.147913e-03    3.003504e-14
inner-lazy       build S2 x^16 materialized                          4         1               2           7.186067e-02    9.741795e-14
inner-lazy       aligned basis x^1                                   4         1               2           0.000000e+00    1.655114e-12
inner-lazy       aligned basis x^2                                   4         1               2           0.000000e+00    1.572192e-11
inner-lazy       aligned basis x^3                                   4         1               2           0.000000e+00    5.865142e-12
inner-lazy       aligned basis x^4                                   4         1               2           0.000000e+00    4.562222e-12
inner-lazy       aligned basis x^8                                   4         1               2           0.000000e+00    2.934631e-13
inner-lazy       aligned basis x^12                                  4         1               2           0.000000e+00    1.086914e-13
inner-lazy       aligned basis x^16                                  4         1               2           0.000000e+00    1.133167e-13
inner-lazy       outer0 low coeff*x^1 for high x^4                   4         2               2           0.000000e+00    1.346770e-13
inner-lazy       outer0 low coeff*x^2 for high x^4                   4         2               2           0.000000e+00    7.866988e-13
inner-lazy       outer0 low linear group for high x^4                4         2               2           1.515037e-03    7.249965e-13
inner-lazy       outer0 raw innerBSGS low(x)*x^4 raw product         4         4               3           4.120351e-03    1.790313e-13
inner-lazy       outer0 low coeff*x^2 for high x^8                   4         2               2           0.000000e+00    2.793880e-12
inner-lazy       outer0 low coeff*x^3 for high x^8                   4         2               2           0.000000e+00    2.283299e-13
inner-lazy       outer0 low linear group for high x^8                4         2               2           1.681567e-03    3.063334e-12
inner-lazy       outer0 raw innerBSGS low(x)*x^8 raw product         4         4               3           1.623862e-03    4.613313e-14
inner-lazy       outer0 low coeff*x^3 for high x^12                  4         2               2           0.000000e+00    4.798020e-13
inner-lazy       outer0 low linear group for high x^12               4         2               2           1.640000e-07    4.602126e-13
inner-lazy       outer0 raw innerBSGS low(x)*x^12 raw product        4         4               3           2.035980e-03    3.170836e-14
inner-lazy       outer0 raw inner groups folded                      4         4               3           3.899489e-03    1.492866e-13
inner-lazy       outer0 folded inner block materialized              5         3               2           8.077271e-02    4.014413e-13
inner-lazy       outer1 low coeff*x^2 for high x^4                   4         2               2           0.000000e+00    1.066050e-12
inner-lazy       outer1 low coeff*x^3 for high x^4                   4         2               2           0.000000e+00    1.423371e-13
inner-lazy       outer1 low linear group for high x^4                4         2               2           1.098386e-03    1.262958e-12
inner-lazy       outer1 raw innerBSGS low(x)*x^4 raw product         4         4               3           1.948627e-03    9.374234e-14
inner-lazy       outer1 low coeff*x^1 for high x^8                   4         2               2           0.000000e+00    2.530545e-13
inner-lazy       outer1 low linear group for high x^8                4         2               2           1.620000e-07    1.729103e-13
inner-lazy       outer1 raw innerBSGS low(x)*x^8 raw product         4         4               3           1.531411e-03    6.767711e-14
inner-lazy       outer1 low coeff*x^3 for high x^12                  4         2               2           0.000000e+00    2.888002e-13
inner-lazy       outer1 low linear group for high x^12               4         2               2           1.580000e-07    2.352879e-13
inner-lazy       outer1 raw innerBSGS low(x)*x^12 raw product        4         4               3           1.726359e-03    7.291624e-14
inner-lazy       outer1 raw inner groups folded                      4         4               3           4.675007e-03    7.171238e-14
inner-lazy       outer1 folded inner block materialized              5         3               2           8.678362e-02    1.829854e-13
inner-lazy       outer block1*x^16 raw product                       5         6               3           1.354343e-03    4.078693e-14
inner-lazy       outer block1*x^16 materialized                      6         5               2           5.710794e-02    4.102932e-14
inner-lazy       outer0 + outer1*x^16                                6         5               2           2.476370e-04    4.154977e-13

summary:
  internal-eager tensor products    = 13
  internal-eager relin count        = 13
  internal-eager rescale count      = 13
  internal-eager scalar mult count  = 19
  internal-eager level-align count  = 16
  internal-eager add count          = 8
  internal-eager total operator sec = 1.148636e+00
  inner-lazy     tensor products    = 13
  inner-lazy     relin count        = 9
  inner-lazy     rescale count      = 9
  inner-lazy     scalar mult count  = 19
  inner-lazy     level-align count  = 9
  inner-lazy     add count          = 8
  inner-lazy     total operator sec = 7.422949e-01
  internal-eager final max_abs_err = 3.211676e-13
  inner-lazy     final max_abs_err = 3.495058e-13

comparison:
  tensor products           = 13 vs 13
  relin count               = 13 vs 9
  rescale count             = 13 vs 9
  note                      = lazy only folds inner BSGS groups; outer assembly stays eager

============================================================
[EVALUATOR] fixed tiny internal-BSGS prototype
[PROJECT DECISION] t=2, B=4, explicit bar(S1)/hat(S1), conservative outer assembly
[PLAN] tiny_internal_bsgs_t2_b4
[SETS] bar(S1)={x,x^2,x^3}, hat(S1)={x^4,x^8,x^12}, S2={x^16}
[POLY] P(x)=inner0(x)+inner1(x)*x^16
[MODE] COMPOSITESCALINGMANUAL
ringDim = 4096
input | level = 0, noiseScaleDeg = 1

strategy         step                                                level     noiseScaleDeg   ctElems     time_sec        max_abs_err
-------------------------------------------------------------------------------------------------------------------------------------------
internal-eager   bar(S1) component x                                 0         1               2           0.000000e+00    1.080191e-12
internal-eager   build x^2 raw product                               0         2               3           1.032873e-02    5.342393e-13
internal-eager   build x^2 materialized                              0         2               2           1.101307e-01    6.218498e-13
internal-eager   build x^3 raw product                               2         2               3           1.769931e-02    2.707209e-13
internal-eager   build x^3 materialized                              2         2               2           8.854822e-02    3.121184e-13
internal-eager   build hat x^4 raw product                           2         2               3           1.452247e-02    1.333447e-13
internal-eager   build hat x^4 materialized                          2         2               2           8.371887e-02    1.116121e-13
internal-eager   build hat x^8 raw product                           4         2               3           2.343361e-02    1.023999e-13
internal-eager   build hat x^8 materialized                          4         2               2           6.916751e-02    4.521426e-14
internal-eager   build hat x^12 raw product                          6         2               3           1.842139e-02    3.902754e-14
internal-eager   build hat x^12 materialized                         6         2               2           1.015323e-01    5.293614e-14
internal-eager   build S2 x^16 raw product                           6         2               3           4.966281e-02    6.611724e-14
internal-eager   build S2 x^16 materialized                          6         2               2           9.567496e-02    4.186443e-14
internal-eager   outer0 low coeff*x^1 for high x^4                   0         2               2           0.000000e+00    6.301210e-14
internal-eager   outer0 low coeff*x^2 for high x^4                   2         2               2           0.000000e+00    5.747096e-14
internal-eager   outer0 low linear group for high x^4                2         2               2           1.868735e-02    1.247752e-13
internal-eager   outer0 innerBSGS low(x)*x^4 raw product             4         2               3           2.264748e-02    5.824728e-14
internal-eager   outer0 innerBSGS low(x)*x^4 materialized            4         2               2           7.384545e-02    3.842893e-14
internal-eager   outer0 low coeff*x^2 for high x^8                   2         2               2           0.000000e+00    9.600654e-14
internal-eager   outer0 low coeff*x^3 for high x^8                   4         2               2           0.000000e+00    5.303220e-14
internal-eager   outer0 low linear group for high x^8                4         2               2           1.564805e-02    6.487172e-14
internal-eager   outer0 innerBSGS low(x)*x^8 raw product             6         2               3           1.790538e-02    8.731450e-14
internal-eager   outer0 innerBSGS low(x)*x^8 materialized            6         2               2           1.282115e-01    3.127519e-14
internal-eager   outer0 low coeff*x^3 for high x^12                  4         2               2           0.000000e+00    2.927156e-14
internal-eager   outer0 low linear group for high x^12               4         2               2           1.650000e-07    8.487308e-14
internal-eager   outer0 innerBSGS low(x)*x^12 raw product            8         2               3           2.555805e-02    6.810319e-14
internal-eager   outer0 innerBSGS low(x)*x^12 materialized           8         2               2           9.593140e-02    5.897109e-14
internal-eager   outer0 internal BSGS block sum                      8         2               2           2.347882e-02    3.734937e-14
internal-eager   outer1 low coeff*x^2 for high x^4                   2         2               2           0.000000e+00    5.991420e-14
internal-eager   outer1 low coeff*x^3 for high x^4                   4         2               2           0.000000e+00    5.220217e-14
internal-eager   outer1 low linear group for high x^4                4         2               2           3.207164e-02    7.220591e-14
internal-eager   outer1 innerBSGS low(x)*x^4 raw product             6         2               3           3.878965e-02    5.418897e-14
internal-eager   outer1 innerBSGS low(x)*x^4 materialized            6         2               2           1.014329e-01    7.578108e-14
internal-eager   outer1 low coeff*x^1 for high x^8                   0         2               2           0.000000e+00    1.116329e-13
internal-eager   outer1 low linear group for high x^8                0         2               2           3.530000e-07    6.540601e-14
internal-eager   outer1 innerBSGS low(x)*x^8 raw product             6         2               3           1.891147e-02    4.104139e-14
internal-eager   outer1 innerBSGS low(x)*x^8 materialized            6         2               2           2.176122e-02    5.293619e-14
internal-eager   outer1 low coeff*x^3 for high x^12                  4         2               2           0.000000e+00    4.021219e-14
internal-eager   outer1 low linear group for high x^12               4         2               2           2.700000e-07    3.442429e-14
internal-eager   outer1 innerBSGS low(x)*x^12 raw product            8         2               3           3.419513e-02    4.468201e-14
internal-eager   outer1 innerBSGS low(x)*x^12 materialized           8         2               2           9.638771e-02    4.258964e-14
internal-eager   outer1 internal BSGS block sum                      8         2               2           1.058359e-02    7.356716e-14
internal-eager   outer block1*x^16 raw product                       10        2               3           6.012321e-02    3.079559e-14
internal-eager   outer block1*x^16 materialized                      10        2               2           6.805550e-02    3.587425e-14
internal-eager   outer0 + outer1*x^16                                10        2               2           5.647589e-02    6.395526e-14
inner-lazy       bar(S1) component x                                 0         1               2           0.000000e+00    1.398270e-12
inner-lazy       build x^2 raw product                               0         2               3           3.975596e-03    6.657175e-13
inner-lazy       build x^2 materialized                              0         2               2           1.846993e-01    6.306622e-13
inner-lazy       build x^3 raw product                               2         2               3           9.941977e-02    2.684589e-13
inner-lazy       build x^3 materialized                              2         2               2           1.596787e-01    3.413693e-13
inner-lazy       build hat x^4 raw product                           2         2               3           3.451625e-02    7.579007e-14
inner-lazy       build hat x^4 materialized                          2         2               2           1.349088e-01    1.252297e-13
inner-lazy       build hat x^8 raw product                           4         2               3           7.723741e-02    6.686803e-14
inner-lazy       build hat x^8 materialized                          4         2               2           1.662896e-01    4.248308e-14
inner-lazy       build hat x^12 raw product                          6         2               3           8.696809e-02    5.489343e-14
inner-lazy       build hat x^12 materialized                         6         2               2           1.309856e-01    3.772166e-14
inner-lazy       build S2 x^16 raw product                           6         2               3           4.740484e-02    5.042985e-14
inner-lazy       build S2 x^16 materialized                          6         2               2           2.356438e-01    3.588934e-14
inner-lazy       aligned basis x^1                                   0         2               2           0.000000e+00    1.193989e-12
inner-lazy       aligned basis x^2                                   0         2               2           0.000000e+00    4.869161e-13
inner-lazy       aligned basis x^3                                   2         2               2           0.000000e+00    3.340730e-13
inner-lazy       aligned basis x^4                                   2         2               2           0.000000e+00    8.137588e-14
inner-lazy       aligned basis x^8                                   4         2               2           0.000000e+00    3.765297e-14
inner-lazy       aligned basis x^12                                  6         2               2           0.000000e+00    3.898707e-14
inner-lazy       aligned basis x^16                                  6         2               2           0.000000e+00    5.405417e-14
inner-lazy       outer0 low coeff*x^1 for high x^4                   2         2               2           0.000000e+00    1.137285e-13
inner-lazy       outer0 low coeff*x^2 for high x^4                   2         2               2           0.000000e+00    5.296848e-14
inner-lazy       outer0 low linear group for high x^4                2         2               2           1.390160e-02    1.613779e-13
inner-lazy       outer0 raw innerBSGS low(x)*x^4 raw product         4         2               3           9.915610e-02    4.635257e-14
inner-lazy       outer0 low coeff*x^2 for high x^8                   2         2               2           0.000000e+00    6.765422e-14
inner-lazy       outer0 low coeff*x^3 for high x^8                   4         2               2           0.000000e+00    4.133196e-14
inner-lazy       outer0 low linear group for high x^8                4         2               2           4.047215e-02    1.015264e-13
inner-lazy       outer0 raw innerBSGS low(x)*x^8 raw product         6         2               3           2.487614e-02    4.790535e-14
inner-lazy       outer0 low coeff*x^3 for high x^12                  4         2               2           0.000000e+00    7.083787e-14
inner-lazy       outer0 low linear group for high x^12               4         2               2           1.720000e-07    4.126181e-14
inner-lazy       outer0 raw innerBSGS low(x)*x^12 raw product        8         2               3           2.802360e-02    3.595418e-14
inner-lazy       outer0 raw inner groups folded                      8         2               3           8.871697e-02    5.599958e-14
inner-lazy       outer0 folded inner block materialized              8         2               2           6.309321e-02    4.357018e-14
inner-lazy       outer1 low coeff*x^2 for high x^4                   2         2               2           0.000000e+00    4.736107e-14
inner-lazy       outer1 low coeff*x^3 for high x^4                   4         2               2           0.000000e+00    4.256361e-14
inner-lazy       outer1 low linear group for high x^4                4         2               2           1.389192e-02    3.409946e-14
inner-lazy       outer1 raw innerBSGS low(x)*x^4 raw product         6         2               3           2.007702e-02    4.896108e-14
inner-lazy       outer1 low coeff*x^1 for high x^8                   2         2               2           0.000000e+00    9.297077e-14
inner-lazy       outer1 low linear group for high x^8                2         2               2           1.580000e-07    1.322102e-13
inner-lazy       outer1 raw innerBSGS low(x)*x^8 raw product         6         2               3           9.436744e-02    3.790428e-14
inner-lazy       outer1 low coeff*x^3 for high x^12                  4         2               2           0.000000e+00    4.430354e-14
inner-lazy       outer1 low linear group for high x^12               4         2               2           1.810000e-07    8.592519e-14
inner-lazy       outer1 raw innerBSGS low(x)*x^12 raw product        8         2               3           3.565721e-02    3.801481e-14
inner-lazy       outer1 raw inner groups folded                      8         2               3           7.730030e-02    6.294754e-14
inner-lazy       outer1 folded inner block materialized              8         2               2           1.380744e-01    4.211931e-14
inner-lazy       outer block1*x^16 raw product                       10        2               3           2.086816e-02    2.978980e-14
inner-lazy       outer block1*x^16 materialized                      10        2               2           9.600563e-02    2.896935e-14
inner-lazy       outer0 + outer1*x^16                                10        2               2           6.548620e-02    3.360051e-14

summary:
  internal-eager tensor products    = 13
  internal-eager relin count        = 13
  internal-eager rescale count      = 13
  internal-eager scalar mult count  = 10
  internal-eager level-align count  = 13
  internal-eager add count          = 8
  internal-eager total operator sec = 1.864875e+00
  inner-lazy     tensor products    = 13
  inner-lazy     relin count        = 9
  inner-lazy     rescale count      = 9
  inner-lazy     scalar mult count  = 11
  inner-lazy     level-align count  = 17
  inner-lazy     add count          = 8
  inner-lazy     total operator sec = 2.657010e+00
  internal-eager final max_abs_err = 7.497861e-14
  inner-lazy     final max_abs_err = 3.820100e-14

comparison:
  tensor products           = 13 vs 13
  relin count               = 13 vs 9
  rescale count             = 13 vs 9
  note                      = lazy only folds inner BSGS groups; outer assembly stays eager

[INTERNAL_PLAN] tiny_internal_bsgs_t2_b4_alt
[PLAINTEXT] direct-vs-internal max_abs_err = 1.084202e-19

============================================================
[EVALUATOR] fixed tiny internal-BSGS prototype
[PROJECT DECISION] t=2, B=4, explicit bar(S1)/hat(S1), conservative outer assembly
[PLAN] tiny_internal_bsgs_t2_b4_alt
[SETS] bar(S1)={x,x^2,x^3}, hat(S1)={x^4,x^8,x^12}, S2={x^16}
[POLY] P(x)=inner0(x)+inner1(x)*x^16
[MODE] FIXEDMANUAL
ringDim = 4096
input | level = 0, noiseScaleDeg = 1

strategy         step                                                level     noiseScaleDeg   ctElems     time_sec        max_abs_err
-------------------------------------------------------------------------------------------------------------------------------------------
internal-eager   bar(S1) component x                                 0         1               2           0.000000e+00    1.395495e-12
internal-eager   build x^2 raw product                               0         2               3           2.970857e-03    7.812570e-13
internal-eager   build x^2 materialized                              1         1               2           1.627175e-02    1.526634e-11
internal-eager   build x^3 raw product                               1         2               3           3.506150e-03    6.180820e-12
internal-eager   build x^3 materialized                              2         1               2           9.368768e-02    5.720299e-12
internal-eager   build hat x^4 raw product                           1         2               3           2.371299e-03    4.881342e-12
internal-eager   build hat x^4 materialized                          2         1               2           7.797928e-02    4.640222e-12
internal-eager   build hat x^8 raw product                           2         2               3           2.323359e-03    2.383943e-13
internal-eager   build hat x^8 materialized                          3         1               2           5.015075e-02    2.963197e-13
internal-eager   build hat x^12 raw product                          3         2               3           2.773517e-03    8.030105e-14
internal-eager   build hat x^12 materialized                         4         1               2           2.026678e-02    1.523363e-13
internal-eager   build S2 x^16 raw product                           3         2               3           1.997653e-03    6.249069e-14
internal-eager   build S2 x^16 materialized                          4         1               2           6.969387e-02    7.653742e-14
internal-eager   outer0 low coeff*x^1 for high x^4                   0         2               2           0.000000e+00    1.403808e-13
internal-eager   outer0 low coeff*x^3 for high x^4                   2         2               2           0.000000e+00    4.071218e-13
internal-eager   outer0 low linear group for high x^4                2         2               2           1.408398e-03    3.266762e-13
internal-eager   outer0 innerBSGS low(x)*x^4 raw product             2         4               3           4.051352e-03    1.177048e-13
internal-eager   outer0 innerBSGS low(x)*x^4 materialized            3         3               2           4.014887e-02    2.090965e-13
internal-eager   outer0 low coeff*x^1 for high x^8                   0         2               2           0.000000e+00    1.272177e-13
internal-eager   outer0 low coeff*x^2 for high x^8                   1         2               2           0.000000e+00    4.174638e-13
internal-eager   outer0 low linear group for high x^8                1         2               2           1.439032e-03    4.872699e-13
internal-eager   outer0 innerBSGS low(x)*x^8 raw product             3         4               3           1.521640e-03    4.254108e-14
internal-eager   outer0 innerBSGS low(x)*x^8 materialized            4         3               2           7.619165e-02    5.867747e-14
internal-eager   outer0 low coeff*x^2 for high x^12                  1         2               2           0.000000e+00    1.107970e-12
internal-eager   outer0 low linear group for high x^12               1         2               2           1.570000e-07    9.740576e-13
internal-eager   outer0 innerBSGS low(x)*x^12 raw product            4         4               3           1.377220e-03    6.145187e-14
internal-eager   outer0 innerBSGS low(x)*x^12 materialized           5         3               2           1.916081e-01    4.448988e-14
internal-eager   outer0 internal BSGS block sum                      5         3               2           1.123386e-03    1.637898e-13
internal-eager   outer1 low coeff*x^1 for high x^4                   0         2               2           0.000000e+00    7.459745e-14
internal-eager   outer1 low coeff*x^3 for high x^4                   2         2               2           0.000000e+00    2.276595e-13
internal-eager   outer1 low linear group for high x^4                2         2               2           1.085905e-03    2.004716e-13
internal-eager   outer1 innerBSGS low(x)*x^4 raw product             2         4               3           1.868927e-03    8.970813e-14
internal-eager   outer1 innerBSGS low(x)*x^4 materialized            3         3               2           6.152265e-02    1.014021e-13
internal-eager   outer1 low coeff*x^2 for high x^8                   1         2               2           0.000000e+00    1.445304e-12
internal-eager   outer1 low linear group for high x^8                1         2               2           1.390000e-07    1.425382e-12
internal-eager   outer1 innerBSGS low(x)*x^8 raw product             3         4               3           1.545116e-03    4.062107e-14
internal-eager   outer1 innerBSGS low(x)*x^8 materialized            4         3               2           1.011359e-01    3.887992e-14
internal-eager   outer1 low coeff*x^1 for high x^12                  0         2               2           0.000000e+00    6.306587e-14
internal-eager   outer1 low coeff*x^3 for high x^12                  2         2               2           0.000000e+00    1.636425e-13
internal-eager   outer1 low linear group for high x^12               2         2               2           1.153170e-03    2.125019e-13
internal-eager   outer1 innerBSGS low(x)*x^12 raw product            4         4               3           1.453619e-03    8.060885e-14
internal-eager   outer1 innerBSGS low(x)*x^12 materialized           5         3               2           9.715011e-02    5.744898e-14
internal-eager   outer1 internal BSGS block sum                      5         3               2           1.115027e-03    1.188881e-13
internal-eager   outer block1*x^16 raw product                       5         6               3           1.410111e-03    4.880913e-14
internal-eager   outer block1*x^16 materialized                      6         5               2           1.081078e-02    7.509384e-14
internal-eager   outer0 + outer1*x^16                                6         5               2           2.380120e-04    1.923197e-13
inner-lazy       bar(S1) component x                                 0         1               2           0.000000e+00    1.359024e-12
inner-lazy       build x^2 raw product                               0         2               3           2.587149e-03    7.282785e-13
inner-lazy       build x^2 materialized                              1         1               2           1.692475e-02    1.557096e-11
inner-lazy       build x^3 raw product                               1         2               3           2.081089e-03    5.955306e-12
inner-lazy       build x^3 materialized                              2         1               2           6.161922e-02    5.216952e-12
inner-lazy       build hat x^4 raw product                           1         2               3           3.333390e-03    5.088350e-12
inner-lazy       build hat x^4 materialized                          2         1               2           9.752488e-02    4.643858e-12
inner-lazy       build hat x^8 raw product                           2         2               3           1.758193e-03    2.223682e-13
inner-lazy       build hat x^8 materialized                          3         1               2           2.247615e-02    2.808150e-13
inner-lazy       build hat x^12 raw product                          3         2               3           4.880641e-03    3.966894e-14
inner-lazy       build hat x^12 materialized                         4         1               2           7.045883e-02    7.023691e-14
inner-lazy       build S2 x^16 raw product                           3         2               3           3.585648e-03    5.737811e-14
inner-lazy       build S2 x^16 materialized                          4         1               2           1.053403e-01    1.264343e-13
inner-lazy       aligned basis x^1                                   4         1               2           0.000000e+00    2.151557e-12
inner-lazy       aligned basis x^2                                   4         1               2           0.000000e+00    1.535005e-11
inner-lazy       aligned basis x^3                                   4         1               2           0.000000e+00    4.977588e-12
inner-lazy       aligned basis x^4                                   4         1               2           0.000000e+00    4.624658e-12
inner-lazy       aligned basis x^8                                   4         1               2           0.000000e+00    3.108532e-13
inner-lazy       aligned basis x^12                                  4         1               2           0.000000e+00    1.531571e-13
inner-lazy       aligned basis x^16                                  4         1               2           0.000000e+00    9.113688e-14
inner-lazy       outer0 low coeff*x^1 for high x^4                   4         2               2           0.000000e+00    9.579143e-14
inner-lazy       outer0 low coeff*x^3 for high x^4                   4         2               2           0.000000e+00    2.787319e-13
inner-lazy       outer0 low linear group for high x^4                4         2               2           2.128503e-03    2.382330e-13
inner-lazy       outer0 raw innerBSGS low(x)*x^4 raw product         4         4               3           1.613507e-03    1.189327e-13
inner-lazy       outer0 low coeff*x^1 for high x^8                   4         2               2           0.000000e+00    2.242789e-13
inner-lazy       outer0 low coeff*x^2 for high x^8                   4         2               2           0.000000e+00    4.487695e-13
inner-lazy       outer0 low linear group for high x^8                4         2               2           6.424070e-04    4.818784e-13
inner-lazy       outer0 raw innerBSGS low(x)*x^8 raw product         4         4               3           1.498085e-03    6.393170e-14
inner-lazy       outer0 low coeff*x^2 for high x^12                  4         2               2           0.000000e+00    1.081860e-12
inner-lazy       outer0 low linear group for high x^12               4         2               2           1.670000e-07    1.047985e-12
inner-lazy       outer0 raw innerBSGS low(x)*x^12 raw product        4         4               3           1.424280e-03    4.394662e-14
inner-lazy       outer0 raw inner groups folded                      4         4               3           1.417611e-03    1.071971e-13
inner-lazy       outer0 folded inner block materialized              5         3               2           9.765147e-02    2.519574e-13
inner-lazy       outer1 low coeff*x^1 for high x^4                   4         2               2           0.000000e+00    9.119441e-14
inner-lazy       outer1 low coeff*x^3 for high x^4                   4         2               2           0.000000e+00    1.919285e-13
inner-lazy       outer1 low linear group for high x^4                4         2               2           8.539840e-04    1.930747e-13
inner-lazy       outer1 raw innerBSGS low(x)*x^4 raw product         4         4               3           3.848943e-03    7.895361e-14
inner-lazy       outer1 low coeff*x^2 for high x^8                   4         2               2           0.000000e+00    1.336310e-12
inner-lazy       outer1 low linear group for high x^8                4         2               2           1.250000e-07    1.350470e-12
inner-lazy       outer1 raw innerBSGS low(x)*x^8 raw product         4         4               3           1.449134e-03    3.610584e-14
inner-lazy       outer1 low coeff*x^1 for high x^12                  4         2               2           0.000000e+00    6.111691e-14
inner-lazy       outer1 low coeff*x^3 for high x^12                  4         2               2           0.000000e+00    1.438506e-13
inner-lazy       outer1 low linear group for high x^12               4         2               2           8.088970e-04    1.665838e-13
inner-lazy       outer1 raw innerBSGS low(x)*x^12 raw product        4         4               3           1.426637e-03    4.510584e-14
inner-lazy       outer1 raw inner groups folded                      4         4               3           2.388235e-03    9.330123e-14
inner-lazy       outer1 folded inner block materialized              5         3               2           1.798897e-02    1.676424e-13
inner-lazy       outer block1*x^16 raw product                       5         6               3           1.331435e-03    3.366068e-14
inner-lazy       outer block1*x^16 materialized                      6         5               2           3.684537e-02    7.192800e-14
inner-lazy       outer0 + outer1*x^16                                6         5               2           3.562780e-04    2.745996e-13

summary:
  internal-eager tensor products    = 13
  internal-eager relin count        = 13
  internal-eager rescale count      = 13
  internal-eager scalar mult count  = 20
  internal-eager level-align count  = 16
  internal-eager add count          = 9
  internal-eager total operator sec = 9.617022e-01
  inner-lazy     tensor products    = 13
  inner-lazy     relin count        = 9
  inner-lazy     rescale count      = 9
  inner-lazy     scalar mult count  = 20
  inner-lazy     level-align count  = 9
  inner-lazy     add count          = 9
  inner-lazy     total operator sec = 5.828428e-01
  internal-eager final max_abs_err = 1.729553e-13
  inner-lazy     final max_abs_err = 2.841011e-13

comparison:
  tensor products           = 13 vs 13
  relin count               = 13 vs 9
  rescale count             = 13 vs 9
  note                      = lazy only folds inner BSGS groups; outer assembly stays eager

============================================================
[EVALUATOR] fixed tiny internal-BSGS prototype
[PROJECT DECISION] t=2, B=4, explicit bar(S1)/hat(S1), conservative outer assembly
[PLAN] tiny_internal_bsgs_t2_b4_alt
[SETS] bar(S1)={x,x^2,x^3}, hat(S1)={x^4,x^8,x^12}, S2={x^16}
[POLY] P(x)=inner0(x)+inner1(x)*x^16
[MODE] COMPOSITESCALINGMANUAL
ringDim = 4096
input | level = 0, noiseScaleDeg = 1

strategy         step                                                level     noiseScaleDeg   ctElems     time_sec        max_abs_err
-------------------------------------------------------------------------------------------------------------------------------------------
internal-eager   bar(S1) component x                                 0         1               2           0.000000e+00    1.133704e-12
internal-eager   build x^2 raw product                               0         2               3           6.352819e-03    5.166423e-13
internal-eager   build x^2 materialized                              0         2               2           7.586444e-02    4.801853e-13
internal-eager   build x^3 raw product                               2         2               3           1.601130e-02    2.416539e-13
internal-eager   build x^3 materialized                              2         2               2           8.880953e-02    2.830514e-13
internal-eager   build hat x^4 raw product                           2         2               3           2.579519e-02    1.368107e-13
internal-eager   build hat x^4 materialized                          2         2               2           6.583960e-02    1.433090e-13
internal-eager   build hat x^8 raw product                           4         2               3           3.238728e-02    3.116770e-14
internal-eager   build hat x^8 materialized                          4         2               2           4.127870e-02    7.577022e-14
internal-eager   build hat x^12 raw product                          6         2               3           3.155619e-02    4.651689e-14
internal-eager   build hat x^12 materialized                         6         2               2           2.694818e-02    4.533545e-14
internal-eager   build S2 x^16 raw product                           6         2               3           6.538260e-02    5.877524e-14
internal-eager   build S2 x^16 materialized                          6         2               2           1.283255e-01    4.725928e-14
internal-eager   outer0 low coeff*x^1 for high x^4                   0         2               2           0.000000e+00    6.485784e-14
internal-eager   outer0 low coeff*x^3 for high x^4                   4         2               2           0.000000e+00    5.788425e-14
internal-eager   outer0 low linear group for high x^4                4         2               2           5.692354e-03    3.423303e-14
internal-eager   outer0 innerBSGS low(x)*x^4 raw product             6         2               3           1.584103e-02    3.654846e-14
internal-eager   outer0 innerBSGS low(x)*x^4 materialized            6         2               2           1.020464e-01    3.774127e-14
internal-eager   outer0 low coeff*x^1 for high x^8                   0         2               2           0.000000e+00    1.220413e-13
internal-eager   outer0 low coeff*x^2 for high x^8                   2         2               2           0.000000e+00    5.206892e-14
internal-eager   outer0 low linear group for high x^8                2         2               2           7.510386e-03    1.509279e-13
internal-eager   outer0 innerBSGS low(x)*x^8 raw product             6         2               3           1.401391e-02    3.949461e-14
internal-eager   outer0 innerBSGS low(x)*x^8 materialized            6         2               2           7.843248e-02    4.200615e-14
internal-eager   outer0 low coeff*x^2 for high x^12                  2         2               2           0.000000e+00    6.824012e-14
internal-eager   outer0 low linear group for high x^12               2         2               2           3.510000e-07    3.812575e-14
internal-eager   outer0 innerBSGS low(x)*x^12 raw product            8         2               3           6.436718e-02    6.207544e-14
internal-eager   outer0 innerBSGS low(x)*x^12 materialized           8         2               2           1.086613e-01    5.446812e-14
internal-eager   outer0 internal BSGS block sum                      8         2               2           6.000833e-02    5.608844e-14
internal-eager   outer1 low coeff*x^1 for high x^4                   0         2               2           0.000000e+00    8.314183e-14
internal-eager   outer1 low coeff*x^3 for high x^4                   4         2               2           0.000000e+00    2.844817e-14
internal-eager   outer1 low linear group for high x^4                4         2               2           1.024794e-02    5.752517e-14
internal-eager   outer1 innerBSGS low(x)*x^4 raw product             6         2               3           2.632542e-02    6.374962e-14
internal-eager   outer1 innerBSGS low(x)*x^4 materialized            6         2               2           5.218487e-02    5.091172e-14
internal-eager   outer1 low coeff*x^2 for high x^8                   2         2               2           0.000000e+00    5.934662e-14
internal-eager   outer1 low linear group for high x^8                2         2               2           1.610000e-07    7.139081e-14
internal-eager   outer1 innerBSGS low(x)*x^8 raw product             6         2               3           7.482403e-02    5.261747e-14
internal-eager   outer1 innerBSGS low(x)*x^8 materialized            6         2               2           1.319874e-01    6.039986e-14
internal-eager   outer1 low coeff*x^1 for high x^12                  0         2               2           0.000000e+00    7.132055e-14
internal-eager   outer1 low coeff*x^3 for high x^12                  4         2               2           0.000000e+00    1.206526e-13
internal-eager   outer1 low linear group for high x^12               4         2               2           1.066639e-02    6.881995e-14
internal-eager   outer1 innerBSGS low(x)*x^12 raw product            8         2               3           3.896589e-02    6.769708e-14
internal-eager   outer1 innerBSGS low(x)*x^12 materialized           8         2               2           5.860858e-02    7.119052e-14
internal-eager   outer1 internal BSGS block sum                      8         2               2           8.184260e-03    3.930808e-14
internal-eager   outer block1*x^16 raw product                       10        2               3           1.220836e-02    3.190811e-14
internal-eager   outer block1*x^16 materialized                      10        2               2           1.050854e-01    6.641513e-14
internal-eager   outer0 + outer1*x^16                                10        2               2           7.697689e-03    6.390703e-14
inner-lazy       bar(S1) component x                                 0         1               2           0.000000e+00    1.158906e-12
inner-lazy       build x^2 raw product                               0         2               3           6.140360e-03    5.072887e-13
inner-lazy       build x^2 materialized                              0         2               2           4.744975e-02    2.898515e-13
inner-lazy       build x^3 raw product                               2         2               3           7.360779e-02    2.602085e-13
inner-lazy       build x^3 materialized                              2         2               2           1.335941e-01    2.282063e-13
inner-lazy       build hat x^4 raw product                           2         2               3           2.425930e-02    1.933974e-13
inner-lazy       build hat x^4 materialized                          2         2               2           4.627645e-02    1.447141e-13
inner-lazy       build hat x^8 raw product                           4         2               3           1.667362e-02    5.841982e-14
inner-lazy       build hat x^8 materialized                          4         2               2           6.619069e-02    7.360276e-14
inner-lazy       build hat x^12 raw product                          6         2               3           1.269059e-01    5.432668e-14
inner-lazy       build hat x^12 materialized                         6         2               2           2.342331e-01    6.754366e-14
inner-lazy       build S2 x^16 raw product                           6         2               3           1.528671e-01    3.224673e-14
inner-lazy       build S2 x^16 materialized                          6         2               2           2.286253e-01    4.455344e-14
inner-lazy       aligned basis x^1                                   0         2               2           0.000000e+00    7.372714e-13
inner-lazy       aligned basis x^2                                   0         2               2           0.000000e+00    5.736106e-13
inner-lazy       aligned basis x^3                                   2         2               2           0.000000e+00    2.790823e-13
inner-lazy       aligned basis x^4                                   2         2               2           0.000000e+00    1.378828e-13
inner-lazy       aligned basis x^8                                   4         2               2           0.000000e+00    6.339649e-14
inner-lazy       aligned basis x^12                                  6         2               2           0.000000e+00    3.098434e-14
inner-lazy       aligned basis x^16                                  6         2               2           0.000000e+00    6.055188e-14
inner-lazy       outer0 low coeff*x^1 for high x^4                   2         2               2           0.000000e+00    1.002254e-13
inner-lazy       outer0 low coeff*x^3 for high x^4                   4         2               2           0.000000e+00    5.048251e-14
inner-lazy       outer0 low linear group for high x^4                4         2               2           3.075903e-02    4.322931e-14
inner-lazy       outer0 raw innerBSGS low(x)*x^4 raw product         6         2               3           1.148859e-01    5.578020e-14
inner-lazy       outer0 low coeff*x^1 for high x^8                   2         2               2           0.000000e+00    1.091818e-13
inner-lazy       outer0 low coeff*x^2 for high x^8                   2         2               2           0.000000e+00    7.002558e-14
inner-lazy       outer0 low linear group for high x^8                2         2               2           6.096498e-03    1.316239e-13
inner-lazy       outer0 raw innerBSGS low(x)*x^8 raw product         6         2               3           3.154140e-02    4.462812e-14
inner-lazy       outer0 low coeff*x^2 for high x^12                  2         2               2           0.000000e+00    4.785191e-14
inner-lazy       outer0 low linear group for high x^12               2         2               2           2.770000e-07    4.906665e-14
inner-lazy       outer0 raw innerBSGS low(x)*x^12 raw product        8         2               3           1.047479e-01    8.627848e-14
inner-lazy       outer0 raw inner groups folded                      8         2               3           5.246811e-02    4.605132e-14
inner-lazy       outer0 folded inner block materialized              8         2               2           1.580267e-01    5.303466e-14
inner-lazy       outer1 low coeff*x^1 for high x^4                   2         2               2           0.000000e+00    7.479694e-14
inner-lazy       outer1 low coeff*x^3 for high x^4                   4         2               2           0.000000e+00    3.516881e-14
inner-lazy       outer1 low linear group for high x^4                4         2               2           6.482671e-02    5.157680e-14
inner-lazy       outer1 raw innerBSGS low(x)*x^4 raw product         6         2               3           2.041007e-02    3.687410e-14
inner-lazy       outer1 low coeff*x^2 for high x^8                   2         2               2           0.000000e+00    4.005997e-14
inner-lazy       outer1 low linear group for high x^8                2         2               2           2.190000e-07    6.934731e-14
inner-lazy       outer1 raw innerBSGS low(x)*x^8 raw product         6         2               3           1.402306e-02    4.070541e-14
inner-lazy       outer1 low coeff*x^1 for high x^12                  2         2               2           0.000000e+00    7.932478e-14
inner-lazy       outer1 low coeff*x^3 for high x^12                  4         2               2           0.000000e+00    4.492354e-14
inner-lazy       outer1 low linear group for high x^12               4         2               2           1.721047e-02    3.799131e-14
inner-lazy       outer1 raw innerBSGS low(x)*x^12 raw product        8         2               3           1.183899e-02    5.670185e-14
inner-lazy       outer1 raw inner groups folded                      8         2               3           1.424754e-02    4.201952e-14
inner-lazy       outer1 folded inner block materialized              8         2               2           8.034921e-02    5.396903e-14
inner-lazy       outer block1*x^16 raw product                       10        2               3           5.034472e-02    4.987388e-14
inner-lazy       outer block1*x^16 materialized                      10        2               2           3.189927e-02    4.559701e-14
inner-lazy       outer0 + outer1*x^16                                10        2               2           3.499739e-02    5.182387e-14

summary:
  internal-eager tensor products    = 13
  internal-eager relin count        = 13
  internal-eager rescale count      = 13
  internal-eager scalar mult count  = 11
  internal-eager level-align count  = 15
  internal-eager add count          = 9
  internal-eager total operator sec = 1.780941e+00
  inner-lazy     tensor products    = 13
  inner-lazy     relin count        = 9
  inner-lazy     rescale count      = 9
  inner-lazy     scalar mult count  = 12
  inner-lazy     level-align count  = 19
  inner-lazy     add count          = 9
  inner-lazy     total operator sec = 2.337221e+00
  internal-eager final max_abs_err = 5.672611e-14
  inner-lazy     final max_abs_err = 6.219023e-14

comparison:
  tensor products           = 13 vs 13
  relin count               = 13 vs 9
  rescale count             = 13 vs 9
  note                      = lazy only folds inner BSGS groups; outer assembly stays eager
